<?xml version="1.0" encoding="UTF-8"?>
<!-- Generated by org.testng.reporters.JUnitReportReporter -->
<testsuite skipped="0" hostname="CL-NB-609" name="TestPlan" tests="1" failures="0" timestamp="2020-11-25T22:55:34 CLST" time="16.806" errors="0">
  <testcase name="submitForm" time="16.806" classname="TestPlan"/>
  <system-out/>
</testsuite> <!-- TestPlan -->
