<?xml version="1.0" encoding="UTF-8"?>
<!-- Generated by org.testng.reporters.JUnitReportReporter -->
<testsuite skipped="0" hostname="CL-NB-609" name="TestPlan" tests="1" failures="0" timestamp="2020-11-26T13:42:23 CLST" time="19.072" errors="0">
  <testcase name="submitForm" time="19.072" classname="TestPlan"/>
  <system-out/>
</testsuite> <!-- TestPlan -->
